Game started from the scratch
Thinking...
Making turn by '+' to [3:4]
We captured 1 chip(s)
Reading from /tmp/rev8388.in ...
Thinking...
Making turn by '*' to [3:3]
We captured 1 chip(s)
Reading from /tmp/rev8388.in ...
Thinking...
Making turn by '+' to [3:2]
We captured 1 chip(s)
Reading from /tmp/rev8388.in ...
Thinking...
Making turn by '*' to [3:5]
We captured 1 chip(s)
Reading from /tmp/rev8388.in ...
Thinking...
Making turn by '+' to [3:6]
We captured 2 chip(s)
Reading from /tmp/rev8388.in ...
Thinking...
Making turn by '*' to [2:6]
We captured 1 chip(s)
Reading from /tmp/rev8388.in ...
Thinking...
Making turn by '+' to [1:6]
We captured 1 chip(s)
Reading from /tmp/rev8388.in ...
Thinking...
Making turn by '*' to [3:1]
We captured 3 chip(s)
Reading from /tmp/rev8388.in ...
Thinking...
Making turn by '+' to [6:5]
We captured 1 chip(s)
Reading from /tmp/rev8388.in ...
Thinking...
Making turn by '*' to [4:6]
We captured 1 chip(s)
Reading from /tmp/rev8388.in ...
Thinking...
Making turn by '+' to [2:2]
We captured 2 chip(s)
Reading from /tmp/rev8388.in ...
Thinking...
Making turn by '*' to [5:3]
We captured 1 chip(s)
Reading from /tmp/rev8388.in ...
Thinking...
Making turn by '+' to [6:2]
We captured 3 chip(s)
Reading from /tmp/rev8388.in ...
Thinking...
Making turn by '*' to [4:3]
We captured 1 chip(s)
Reading from /tmp/rev8388.in ...
Thinking...
Making turn by '+' to [2:1]
We captured 2 chip(s)
Reading from /tmp/rev8388.in ...
Thinking...
Making turn by '*' to [1:1]
We captured 3 chip(s)
Reading from /tmp/rev8388.in ...
Thinking...
Making turn by '+' to [2:3]
We captured 1 chip(s)
Reading from /tmp/rev8388.in ...
Thinking...
Making turn by '*' to [6:3]
We captured 1 chip(s)
Reading from /tmp/rev8388.in ...
Thinking...
Making turn by '+' to [5:6]
We captured 3 chip(s)
Reading from /tmp/rev8388.in ...
Thinking...
Making turn by '*' to [6:1]
We captured 1 chip(s)
Reading from /tmp/rev8388.in ...
Thinking...
Making turn by '+' to [7:3]
We captured 1 chip(s)
Reading from /tmp/rev8388.in ...
Thinking...
Making turn by '*' to [6:4]
We captured 1 chip(s)
Reading from /tmp/rev8388.in ...
Thinking...
Making turn by '+' to [7:2]
We captured 2 chip(s)
Reading from /tmp/rev8388.in ...
Thinking...
Making turn by '*' to [4:2]
We captured 3 chip(s)
Reading from /tmp/rev8388.in ...
Thinking...
Making turn by '+' to [5:2]
We captured 3 chip(s)
Reading from /tmp/rev8388.in ...
Thinking...
Making turn by '*' to [3:7]
We captured 6 chip(s)
Reading from /tmp/rev8388.in ...
Thinking...
Making turn by '+' to [2:4]
We captured 2 chip(s)
Reading from /tmp/rev8388.in ...
Thinking...
Making turn by '*' to [8:1]
We captured 4 chip(s)
Reading from /tmp/rev8388.in ...
Thinking...
Making turn by '+' to [2:5]
We captured 3 chip(s)
Reading from /tmp/rev8388.in ...
Thinking...
Making turn by '*' to [1:4]
We captured 5 chip(s)
Reading from /tmp/rev8388.in ...
Thinking...
Making turn by '+' to [3:8]
We captured 2 chip(s)
Reading from /tmp/rev8388.in ...
Thinking...
Making turn by '*' to [7:1]
We captured 2 chip(s)
Reading from /tmp/rev8388.in ...
Thinking...
Making turn by '+' to [4:7]
We captured 1 chip(s)
Reading from /tmp/rev8388.in ...
Thinking...
Making turn by '*' to [5:8]
We captured 2 chip(s)
Reading from /tmp/rev8388.in ...
Thinking...
Making turn by '+' to [7:4]
We captured 1 chip(s)
Reading from /tmp/rev8388.in ...
Thinking...
Making turn by '*' to [8:4]
We captured 2 chip(s)
Reading from /tmp/rev8388.in ...
Thinking...
Making turn by '+' to [1:3]
We captured 3 chip(s)
Reading from /tmp/rev8388.in ...
Thinking...
Making turn by '*' to [1:5]
We captured 2 chip(s)
Reading from /tmp/rev8388.in ...
Thinking...
Making turn by '+' to [1:2]
We captured 3 chip(s)
Reading from /tmp/rev8388.in ...
Thinking...
Making turn by '*' to [6:6]
We captured 4 chip(s)
Reading from /tmp/rev8388.in ...
Thinking...
Making turn by '+' to [7:6]
We captured 6 chip(s)
Reading from /tmp/rev8388.in ...
Thinking...
Making turn by '*' to [5:7]
We captured 3 chip(s)
Reading from /tmp/rev8388.in ...
Thinking...
Making turn by '+' to [6:8]
We captured 4 chip(s)
Reading from /tmp/rev8388.in ...
Thinking...
Making turn by '*' to [7:8]
We captured 1 chip(s)
Reading from /tmp/rev8388.in ...
Thinking...
Making turn by '+' to [6:7]
We captured 1 chip(s)
Reading from /tmp/rev8388.in ...
Thinking...
Making turn by '*' to [5:1]
We captured 2 chip(s)
Reading from /tmp/rev8388.in ...
Thinking...
Making turn by '+' to [4:1]
We captured 2 chip(s)
Reading from /tmp/rev8388.in ...
Thinking...
Making turn by '*' to [2:7]
We captured 6 chip(s)
Reading from /tmp/rev8388.in ...
Thinking...
Making turn by '+' to [7:5]
We captured 2 chip(s)
Reading from /tmp/rev8388.in ...
Thinking...
Making turn by '*' to [8:7]
We captured 2 chip(s)
Reading from /tmp/rev8388.in ...
Thinking...
Making turn by '+' to [8:3]
We captured 4 chip(s)
Reading from /tmp/rev8388.in ...
Thinking...
Making turn by '*' to [8:2]
We captured 3 chip(s)
Reading from /tmp/rev8388.in ...
Thinking...
Making turn by '+' to [1:8]
We captured 4 chip(s)
Reading from /tmp/rev8388.in ...
Thinking...
Making turn by '*' to [1:7]
We captured 2 chip(s)
Reading from /tmp/rev8388.in ...
Thinking...
Making turn by '+' to [4:8]
We captured 1 chip(s)
Reading from /tmp/rev8388.in ...
Thinking...
Making turn by '*' to [2:8]
We captured 2 chip(s)
Reading from /tmp/rev8388.in ...
Thinking...
Making turn by '+' to [8:6]
We captured 1 chip(s)
Reading from /tmp/rev8388.in ...
Thinking...
Making turn by '*' to [8:5]
We captured 5 chip(s)
Reading from /tmp/rev8388.in ...
Thinking...
Making turn by '+' to [8:8]
We captured 6 chip(s)
Reading from /tmp/rev8388.in ...
Thinking...
Making turn by '*' to [7:7]
We captured 1 chip(s)
Game is over
 * * * + * * * *
 + + + + + * * *
 + + * + + + * *
 * + * * + * + *
 * * + + * * * *
 * * + + + * * *
 * * * + + * * *
 + + + + + + + +
Game is over
